22.06.2023 12:24:03 [7722] variants called
22.06.2023 12:24:03 [7722] stat called
22.06.2023 12:42:18 [7722] variants called
22.06.2023 12:42:18 [7722] stat called
22.06.2023 12:42:21 [7722] vote called
22.06.2023 12:42:21 [7722] stat called
22.06.2023 12:42:23 [7722] vote called
22.06.2023 12:42:24 [7722] stat called
23.06.2023 14:17:03 [7780] stat called
23.06.2023 14:17:04 [7780] variants called
23.06.2023 14:17:05 [7780] variants called
23.06.2023 14:17:05 [7780] stat called
23.06.2023 14:17:29 [7780] variants called
23.06.2023 14:17:29 [7780] stat called
23.06.2023 14:20:56 [7780] variants called
23.06.2023 14:20:56 [7780] stat called
23.06.2023 14:21:02 [7780] vote called
23.06.2023 14:21:02 [7780] stat called
23.06.2023 14:21:04 [7780] vote called
23.06.2023 14:21:04 [7780] stat called
23.06.2023 14:21:08 [7780] variants called
23.06.2023 14:21:08 [7780] stat called
23.06.2023 14:22:05 [7780] variants called
23.06.2023 14:22:05 [7780] stat called
23.06.2023 14:22:07 [7780] variants called
23.06.2023 14:22:07 [7780] stat called
27.06.2023 18:14:11 [7780] variants called
27.06.2023 18:14:18 [7780] vote called
27.06.2023 18:14:21 [7780] vote called
27.06.2023 18:14:22 [7780] vote called
27.06.2023 18:15:29 [7780] variants called
27.06.2023 18:15:29 [7780] stat called
27.06.2023 18:15:38 [7780] variants called
27.06.2023 18:15:40 [7780] variants called
27.06.2023 18:17:06 [7780] variants called
27.06.2023 18:17:07 [7780] variants called
27.06.2023 18:17:25 [7780] variants called
27.06.2023 18:17:25 [7780] stat called
27.06.2023 18:17:29 [7780] vote called
27.06.2023 18:17:29 [7780] stat called
27.06.2023 18:17:30 [7780] vote called
27.06.2023 18:17:30 [7780] stat called
27.06.2023 19:04:13 [7780] vote called
27.06.2023 19:04:13 [7780] stat called
27.06.2023 19:04:15 [7780] vote called
27.06.2023 19:04:15 [7780] stat called
27.06.2023 19:04:27 [7780] variants called
27.06.2023 19:04:28 [7780] stat called
27.06.2023 19:04:29 [7780] vote called
27.06.2023 19:04:29 [7780] stat called
27.06.2023 19:04:31 [7780] vote called
27.06.2023 19:04:31 [7780] stat called
27.06.2023 19:07:16 [7780] variants called
27.06.2023 19:07:16 [7780] stat called
27.06.2023 19:07:17 [7780] vote called
27.06.2023 19:07:17 [7780] stat called
27.06.2023 19:07:19 [7780] vote called
27.06.2023 19:07:19 [7780] stat called
27.06.2023 19:12:11 [7780] variants called
27.06.2023 19:12:11 [7780] stat called
27.06.2023 19:12:13 [7780] vote called
27.06.2023 19:12:13 [7780] stat called
27.06.2023 19:12:16 [7780] vote called
27.06.2023 19:12:16 [7780] stat called
27.06.2023 19:13:56 [7780] vote called
27.06.2023 19:13:57 [7780] stat called
27.06.2023 19:24:43 [7780] variants called
27.06.2023 19:24:43 [7780] stat called
27.06.2023 19:25:32 [7780] variants called
27.06.2023 19:25:33 [7780] stat called
27.06.2023 19:26:00 [7780] variants called
27.06.2023 19:26:01 [7780] stat called
27.06.2023 19:27:07 [7780] variants called
27.06.2023 19:27:07 [7780] stat called
27.06.2023 19:30:21 [7780] variants called
27.06.2023 19:30:22 [7780] stat called
27.06.2023 19:57:53 [7780] variants called
27.06.2023 19:57:53 [7780] stat called
27.06.2023 19:58:51 [7780] variants called
27.06.2023 19:58:52 [7780] stat called
27.06.2023 19:59:08 [7780] variants called
27.06.2023 19:59:09 [7780] stat called
27.06.2023 20:00:01 [7780] variants called
27.06.2023 20:00:02 [7780] stat called
27.06.2023 20:04:15 [7780] variants called
27.06.2023 20:04:16 [7780] stat called
27.06.2023 20:05:06 [7780] variants called
27.06.2023 20:05:26 [7780] variants called
27.06.2023 20:06:23 [7780] variants called
27.06.2023 20:06:46 [7780] variants called
27.06.2023 20:07:50 [7780] variants called
27.06.2023 20:09:16 [7780] variants called
27.06.2023 20:09:17 [7780] stat called
27.06.2023 20:17:42 [7780] variants called
27.06.2023 20:17:43 [7780] stat called
27.06.2023 20:18:08 [7780] variants called
27.06.2023 20:18:09 [7780] stat called
27.06.2023 20:18:37 [7780] variants called
27.06.2023 20:18:37 [7780] stat called
27.06.2023 20:24:58 [7780] variants called
27.06.2023 20:24:59 [7780] stat called
27.06.2023 20:32:18 [7780] variants called
27.06.2023 20:32:19 [7780] stat called
27.06.2023 20:34:33 [7780] variants called
27.06.2023 20:34:34 [7780] stat called
27.06.2023 20:35:26 [7780] variants called
27.06.2023 20:35:27 [7780] stat called
27.06.2023 20:40:48 [7780] variants called
27.06.2023 20:40:49 [7780] stat called
27.06.2023 20:48:37 [7780] variants called
27.06.2023 20:48:37 [7780] stat called
27.06.2023 20:48:57 [7780] variants called
27.06.2023 20:48:57 [7780] stat called
27.06.2023 20:49:00 [7780] variants called
27.06.2023 20:49:01 [7780] stat called
27.06.2023 20:49:35 [7780] variants called
27.06.2023 20:49:36 [7780] stat called
27.06.2023 20:50:16 [7780] variants called
27.06.2023 20:50:17 [7780] stat called
27.06.2023 20:50:39 [7780] stat called
27.06.2023 20:50:43 [7780] variants called
27.06.2023 20:50:43 [7780] stat called
27.06.2023 20:52:29 [7780] variants called
27.06.2023 20:52:29 [7780] stat called
27.06.2023 20:55:48 [7780] variants called
27.06.2023 20:55:49 [7780] stat called
27.06.2023 20:56:16 [7780] variants called
27.06.2023 20:56:16 [7780] stat called
27.06.2023 20:57:24 [7780] variants called
27.06.2023 20:57:25 [7780] stat called
27.06.2023 20:58:21 [7780] variants called
27.06.2023 20:58:22 [7780] stat called
27.06.2023 20:58:41 [7780] variants called
27.06.2023 20:58:42 [7780] stat called
27.06.2023 22:09:29 [7780] variants called
27.06.2023 22:09:30 [7780] stat called
27.06.2023 22:09:52 [7780] variants called
27.06.2023 22:09:52 [7780] stat called
27.06.2023 22:11:59 [7780] variants called
27.06.2023 22:12:00 [7780] stat called
27.06.2023 22:12:36 [7780] variants called
27.06.2023 22:12:36 [7780] stat called
27.06.2023 22:14:45 [7780] variants called
27.06.2023 22:14:46 [7780] stat called
27.06.2023 22:18:00 [7780] variants called
27.06.2023 22:18:00 [7780] stat called
27.06.2023 22:20:09 [7780] variants called
27.06.2023 22:20:10 [7780] stat called
27.06.2023 22:20:30 [7780] variants called
27.06.2023 22:20:31 [7780] stat called
27.06.2023 22:21:22 [7780] variants called
27.06.2023 22:21:22 [7780] stat called
27.06.2023 22:21:48 [7780] variants called
27.06.2023 22:21:49 [7780] stat called
27.06.2023 22:22:45 [7780] variants called
27.06.2023 22:22:46 [7780] stat called
27.06.2023 22:23:58 [7780] variants called
27.06.2023 22:23:59 [7780] stat called
27.06.2023 22:24:12 [7780] variants called
27.06.2023 22:24:13 [7780] stat called
27.06.2023 22:25:11 [7780] variants called
27.06.2023 22:25:12 [7780] stat called
27.06.2023 22:30:19 [7780] variants called
27.06.2023 22:30:20 [7780] stat called
27.06.2023 22:30:45 [7780] variants called
27.06.2023 22:30:45 [7780] stat called
27.06.2023 22:31:31 [7780] variants called
27.06.2023 22:31:31 [7780] stat called
27.06.2023 22:31:52 [7780] variants called
27.06.2023 22:31:53 [7780] stat called
27.06.2023 22:32:10 [7780] variants called
27.06.2023 22:32:11 [7780] stat called
27.06.2023 22:37:11 [7780] variants called
27.06.2023 22:37:12 [7780] stat called
27.06.2023 22:37:52 [7780] variants called
27.06.2023 22:37:53 [7780] stat called
27.06.2023 23:18:06 [7780] variants called
27.06.2023 23:18:06 [7780] stat called
27.06.2023 23:20:38 [7780] variants called
27.06.2023 23:20:39 [7780] stat called
27.06.2023 23:21:38 [7780] variants called
27.06.2023 23:21:38 [7780] stat called
27.06.2023 23:22:24 [7780] variants called
27.06.2023 23:22:25 [7780] stat called
27.06.2023 23:42:56 [7780] variants called
27.06.2023 23:42:56 [7780] stat called
27.06.2023 23:42:58 [7780] vote called
27.06.2023 23:42:59 [7780] stat called
27.06.2023 23:43:59 [7780] vote called
27.06.2023 23:44:00 [7780] stat called
27.06.2023 23:44:34 [7780] variants called
27.06.2023 23:44:35 [7780] stat called
27.06.2023 23:44:50 [7780] vote called
27.06.2023 23:44:50 [7780] stat called
27.06.2023 23:47:23 [7780] variants called
27.06.2023 23:47:23 [7780] stat called
27.06.2023 23:50:11 [7780] variants called
27.06.2023 23:50:12 [7780] stat called
27.06.2023 23:50:25 [7780] vote called
27.06.2023 23:50:26 [7780] stat called
27.06.2023 23:51:15 [7780] vote called
27.06.2023 23:51:16 [7780] stat called
27.06.2023 23:51:34 [7780] vote called
27.06.2023 23:51:35 [7780] stat called
27.06.2023 23:51:43 [7780] variants called
27.06.2023 23:51:43 [7780] stat called
27.06.2023 23:51:49 [7780] vote called
27.06.2023 23:51:49 [7780] stat called
27.06.2023 23:51:52 [7780] vote called
27.06.2023 23:51:53 [7780] stat called
27.06.2023 23:53:45 [7780] variants called
27.06.2023 23:53:46 [7780] stat called
27.06.2023 23:53:55 [7780] vote called
27.06.2023 23:53:56 [7780] stat called
27.06.2023 23:56:15 [7780] variants called
27.06.2023 23:56:16 [7780] stat called
27.06.2023 23:56:30 [7780] vote called
27.06.2023 23:56:30 [7780] stat called
28.06.2023 00:22:24 [7780] variants called
28.06.2023 00:22:24 [7780] stat called
28.06.2023 00:26:38 [7780] variants called
28.06.2023 00:26:38 [7780] stat called
28.06.2023 00:49:18 [7780] variants called
28.06.2023 00:49:18 [7780] stat called
28.06.2023 00:54:51 [7780] vote called
28.06.2023 00:54:51 [7780] stat called
28.06.2023 01:11:10 [7780] variants called
28.06.2023 01:11:10 [7780] stat called
28.06.2023 18:35:33 [7780] variants called
28.06.2023 18:35:33 [7780] stat called
28.06.2023 18:36:28 [7780] variants called
28.06.2023 18:36:28 [7780] stat called
28.06.2023 18:48:29 [7780] variants called
28.06.2023 18:48:29 [7780] stat called
28.06.2023 18:56:24 [7780] vote called
28.06.2023 18:56:25 [7780] stat called
28.06.2023 18:56:26 [7780] vote called
28.06.2023 18:56:27 [7780] stat called
28.06.2023 19:30:10 [7780] variants called
28.06.2023 19:30:11 [7780] stat called
28.06.2023 19:32:21 [7780] variants called
28.06.2023 19:32:22 [7780] stat called
28.06.2023 19:43:24 [7780] variants called
28.06.2023 19:43:24 [7780] stat called
28.06.2023 19:44:54 [7780] variants called
28.06.2023 19:44:55 [7780] stat called
28.06.2023 19:58:34 [7780] variants called
28.06.2023 19:58:35 [7780] stat called
28.06.2023 20:44:28 [7780] variants called
28.06.2023 20:44:29 [7780] stat called
28.06.2023 20:45:01 [7780] variants called
28.06.2023 20:45:01 [7780] stat called
29.06.2023 00:08:52 [7780] variants called
29.06.2023 00:08:52 [7780] stat called
29.06.2023 00:45:05 [7780] variants called
29.06.2023 00:45:52 [7780] vote called
29.06.2023 00:47:18 [7780] variants called
29.06.2023 00:47:18 [7780] stat called
29.06.2023 00:47:22 [7780] vote called
29.06.2023 00:47:23 [7780] stat called
29.06.2023 00:48:50 [7780] variants called
29.06.2023 00:48:50 [7780] stat called
29.06.2023 00:48:53 [7780] send file xml
29.06.2023 00:48:53 [7780] send file xml
29.06.2023 00:49:00 [7780] send file xml
29.06.2023 00:49:00 [7780] send file json
29.06.2023 00:49:07 [7780] send file xml
29.06.2023 00:49:07 [7780] send file html
29.06.2023 14:29:58 [7780] variants called
29.06.2023 14:29:59 [7780] stat called
29.06.2023 14:59:26 [7780] variants called
29.06.2023 14:59:26 [7780] stat called
06.07.2023 16:01:38 [7780] variants called
06.07.2023 16:01:39 [7780] stat called
06.07.2023 16:01:53 [7780] vote called
06.07.2023 16:01:54 [7780] stat called
06.07.2023 16:03:41 [7780] vote called
06.07.2023 16:03:42 [7780] stat called
06.07.2023 16:03:48 [7780] variants called
06.07.2023 16:03:49 [7780] stat called
06.07.2023 16:03:51 [7780] vote called
06.07.2023 16:03:52 [7780] stat called
06.07.2023 16:07:20 [7780] variants called
06.07.2023 16:07:20 [7780] stat called
06.07.2023 16:07:23 [7780] vote called
06.07.2023 16:07:23 [7780] stat called
06.07.2023 17:05:39 [7780] variants called
06.07.2023 17:05:39 [7780] stat called
06.07.2023 17:06:27 [7780] variants called
06.07.2023 17:06:27 [7780] stat called
06.07.2023 17:10:49 [7780] variants called
06.07.2023 17:10:49 [7780] stat called
06.07.2023 17:17:24 [7780] variants called
06.07.2023 17:17:24 [7780] stat called
06.07.2023 17:18:27 [7780] variants called
06.07.2023 17:18:28 [7780] stat called
06.07.2023 17:18:53 [7780] variants called
06.07.2023 17:18:53 [7780] stat called
06.07.2023 17:22:18 [7780] variants called
06.07.2023 17:22:18 [7780] stat called
06.07.2023 17:28:56 [7780] variants called
06.07.2023 17:28:56 [7780] stat called
06.07.2023 17:30:50 [7780] variants called
06.07.2023 17:30:50 [7780] stat called
06.07.2023 17:34:14 [7780] variants called
06.07.2023 17:34:14 [7780] stat called
06.07.2023 17:36:50 [7780] variants called
06.07.2023 17:36:50 [7780] stat called
06.07.2023 17:49:18 [7780] variants called
06.07.2023 17:49:18 [7780] stat called
06.07.2023 17:51:19 [7780] variants called
06.07.2023 17:51:20 [7780] stat called
06.07.2023 17:56:57 [7780] variants called
06.07.2023 17:56:57 [7780] stat called
06.07.2023 17:57:25 [7780] variants called
06.07.2023 17:57:25 [7780] stat called
06.07.2023 18:01:07 [7780] variants called
06.07.2023 18:01:08 [7780] stat called
06.07.2023 18:01:28 [7780] variants called
06.07.2023 18:01:29 [7780] stat called
06.07.2023 18:19:37 [7780] variants called
06.07.2023 18:19:49 [7780] variants called
06.07.2023 18:19:50 [7780] stat called
06.07.2023 18:20:38 [7780] variants called
06.07.2023 18:20:39 [7780] stat called
06.07.2023 18:22:15 [7780] variants called
06.07.2023 18:22:16 [7780] stat called
06.07.2023 18:23:33 [7780] variants called
06.07.2023 18:23:33 [7780] stat called
06.07.2023 18:24:10 [7780] variants called
06.07.2023 18:24:11 [7780] stat called
06.07.2023 18:28:32 [7780] variants called
06.07.2023 18:28:32 [7780] stat called
06.07.2023 18:29:11 [7780] variants called
06.07.2023 18:29:12 [7780] stat called
06.07.2023 18:30:37 [7780] variants called
06.07.2023 18:30:38 [7780] stat called
06.07.2023 18:31:12 [7780] variants called
06.07.2023 18:31:13 [7780] stat called
06.07.2023 18:32:01 [7780] variants called
06.07.2023 18:32:02 [7780] stat called
06.07.2023 18:32:29 [7780] variants called
06.07.2023 18:32:29 [7780] stat called
06.07.2023 18:33:59 [7780] variants called
06.07.2023 18:33:59 [7780] stat called
06.07.2023 18:35:07 [7780] variants called
06.07.2023 18:35:07 [7780] stat called
06.07.2023 18:36:24 [7780] variants called
06.07.2023 18:36:25 [7780] stat called
06.07.2023 18:47:00 [7780] variants called
06.07.2023 18:47:00 [7780] stat called
06.07.2023 18:48:28 [7780] variants called
06.07.2023 18:48:29 [7780] stat called
06.07.2023 18:49:59 [7780] variants called
06.07.2023 18:49:59 [7780] stat called
06.07.2023 18:51:41 [7780] variants called
06.07.2023 18:51:41 [7780] stat called
06.07.2023 19:43:52 [7780] variants called
06.07.2023 19:43:52 [7780] stat called
06.07.2023 19:44:35 [7780] variants called
06.07.2023 19:44:36 [7780] stat called
06.07.2023 19:45:24 [7780] variants called
06.07.2023 19:45:24 [7780] stat called
06.07.2023 19:56:46 [7780] variants called
06.07.2023 19:56:46 [7780] stat called
06.07.2023 19:57:59 [7780] variants called
06.07.2023 19:57:59 [7780] stat called
06.07.2023 19:58:21 [7780] variants called
06.07.2023 19:58:22 [7780] stat called
06.07.2023 19:58:46 [7780] variants called
06.07.2023 19:58:47 [7780] stat called
06.07.2023 20:05:42 [7780] variants called
06.07.2023 20:05:43 [7780] stat called
06.07.2023 20:06:10 [7780] variants called
06.07.2023 20:06:10 [7780] stat called
06.07.2023 20:11:10 [7780] variants called
06.07.2023 20:11:11 [7780] stat called
06.07.2023 20:13:07 [7780] variants called
06.07.2023 20:13:07 [7780] stat called
06.07.2023 20:14:44 [7780] variants called
06.07.2023 20:14:45 [7780] stat called
06.07.2023 20:15:58 [7780] variants called
06.07.2023 20:15:58 [7780] stat called
06.07.2023 20:16:34 [7780] variants called
06.07.2023 20:16:34 [7780] stat called
06.07.2023 20:16:57 [7780] variants called
06.07.2023 20:16:58 [7780] stat called
06.07.2023 20:38:36 [7780] variants called
06.07.2023 20:38:37 [7780] stat called
06.07.2023 20:39:16 [7780] variants called
06.07.2023 20:39:16 [7780] stat called
06.07.2023 20:47:22 [7780] variants called
06.07.2023 20:47:23 [7780] stat called
06.07.2023 20:50:03 [7780] variants called
06.07.2023 20:50:03 [7780] stat called
06.07.2023 20:51:58 [7780] variants called
06.07.2023 20:51:59 [7780] stat called
06.07.2023 20:52:48 [7780] variants called
06.07.2023 20:52:48 [7780] stat called
06.07.2023 20:53:35 [7780] variants called
06.07.2023 20:53:36 [7780] stat called
06.07.2023 20:54:38 [7780] variants called
06.07.2023 20:54:38 [7780] stat called
06.07.2023 20:56:40 [7780] variants called
06.07.2023 20:56:41 [7780] stat called
06.07.2023 20:56:53 [7780] variants called
06.07.2023 20:56:54 [7780] stat called
06.07.2023 20:57:58 [7780] variants called
06.07.2023 20:57:58 [7780] stat called
06.07.2023 21:02:18 [7780] variants called
06.07.2023 21:02:19 [7780] stat called
06.07.2023 21:02:51 [7780] variants called
06.07.2023 21:02:52 [7780] stat called
06.07.2023 21:04:48 [7780] variants called
06.07.2023 21:04:49 [7780] stat called
06.07.2023 21:05:32 [7780] variants called
06.07.2023 21:05:33 [7780] stat called
06.07.2023 21:06:00 [7780] variants called
06.07.2023 21:06:01 [7780] stat called
06.07.2023 21:07:09 [7780] variants called
06.07.2023 21:07:09 [7780] stat called
06.07.2023 21:17:35 [7780] variants called
06.07.2023 21:17:36 [7780] stat called
06.07.2023 21:18:49 [7780] variants called
06.07.2023 21:18:50 [7780] stat called
06.07.2023 21:20:22 [7780] variants called
06.07.2023 21:20:23 [7780] stat called
06.07.2023 21:21:41 [7780] variants called
06.07.2023 21:21:41 [7780] stat called
06.07.2023 21:27:13 [7780] variants called
06.07.2023 21:27:14 [7780] stat called
06.07.2023 21:30:59 [7780] variants called
06.07.2023 21:31:00 [7780] stat called
06.07.2023 21:40:31 [7780] variants called
06.07.2023 21:40:31 [7780] stat called
06.07.2023 21:41:56 [7780] variants called
06.07.2023 21:41:57 [7780] stat called
06.07.2023 21:43:03 [7780] variants called
06.07.2023 21:43:03 [7780] stat called
07.07.2023 16:18:35 [7780] variants called
07.07.2023 16:18:36 [7780] stat called
07.07.2023 16:21:04 [7780] variants called
07.07.2023 16:21:04 [7780] stat called
07.07.2023 16:21:56 [7780] variants called
07.07.2023 16:21:56 [7780] stat called
07.07.2023 16:22:37 [7780] variants called
07.07.2023 16:22:37 [7780] stat called
07.07.2023 16:23:51 [7780] variants called
07.07.2023 16:23:52 [7780] stat called
07.07.2023 16:31:49 [7780] variants called
07.07.2023 16:31:50 [7780] stat called
07.07.2023 16:36:17 [7780] variants called
07.07.2023 16:36:17 [7780] stat called
07.07.2023 16:37:28 [7780] variants called
07.07.2023 16:37:28 [7780] stat called
07.07.2023 16:43:51 [7780] variants called
07.07.2023 16:43:52 [7780] stat called
07.07.2023 16:44:20 [7780] variants called
07.07.2023 16:44:21 [7780] stat called
07.07.2023 16:47:30 [7780] variants called
07.07.2023 16:47:30 [7780] stat called
10.07.2023 21:40:13 [7780] variants called
10.07.2023 21:40:14 [7780] stat called
10.07.2023 22:08:21 [7780] variants called
10.07.2023 22:08:21 [7780] stat called
10.07.2023 22:14:18 [7780] variants called
10.07.2023 22:14:18 [7780] stat called
10.07.2023 22:15:21 [7780] variants called
10.07.2023 22:15:22 [7780] stat called
10.07.2023 22:15:50 [7780] variants called
10.07.2023 22:15:50 [7780] stat called
10.07.2023 23:09:34 [7780] variants called
10.07.2023 23:09:34 [7780] stat called
10.07.2023 23:09:36 [7780] send file xml
10.07.2023 23:09:36 [7780] send file json
10.07.2023 23:13:56 [7780] variants called
10.07.2023 23:13:57 [7780] stat called
10.07.2023 23:16:04 [7780] variants called
10.07.2023 23:16:04 [7780] stat called
10.07.2023 23:17:05 [7780] variants called
10.07.2023 23:17:06 [7780] stat called
10.07.2023 23:18:09 [7780] variants called
10.07.2023 23:18:10 [7780] stat called
10.07.2023 23:20:00 [7780] variants called
10.07.2023 23:20:01 [7780] stat called
10.07.2023 23:22:53 [7780] variants called
10.07.2023 23:22:54 [7780] stat called
10.07.2023 23:39:32 [7780] variants called
10.07.2023 23:39:33 [7780] stat called
11.07.2023 00:20:59 [7780] variants called
11.07.2023 00:21:00 [7780] stat called
11.07.2023 00:22:06 [7780] variants called
11.07.2023 00:22:07 [7780] stat called
11.07.2023 11:41:02 [7780] variants called
11.07.2023 11:41:02 [7780] stat called
11.07.2023 11:47:18 [7780] variants called
11.07.2023 11:47:18 [7780] stat called
11.07.2023 11:47:51 [7780] variants called
11.07.2023 11:47:51 [7780] stat called
11.07.2023 11:50:28 [7780] variants called
11.07.2023 11:50:28 [7780] stat called
11.07.2023 11:51:30 [7780] variants called
11.07.2023 11:51:31 [7780] stat called
11.07.2023 12:18:19 [7780] variants called
11.07.2023 12:18:20 [7780] stat called
11.07.2023 12:20:56 [7780] variants called
11.07.2023 12:20:57 [7780] stat called
11.07.2023 12:21:28 [7780] variants called
11.07.2023 12:21:29 [7780] stat called
11.07.2023 12:22:39 [7780] variants called
11.07.2023 12:22:39 [7780] stat called
11.07.2023 12:30:46 [7780] variants called
11.07.2023 12:30:47 [7780] stat called
11.07.2023 13:17:28 [7780] variants called
11.07.2023 13:17:28 [7780] stat called
11.07.2023 13:19:30 [7780] variants called
11.07.2023 13:19:31 [7780] stat called
11.07.2023 13:40:48 [7780] variants called
11.07.2023 13:40:48 [7780] stat called
11.07.2023 13:44:39 [7780] variants called
11.07.2023 13:44:39 [7780] stat called
11.07.2023 13:46:53 [7780] variants called
11.07.2023 13:46:54 [7780] stat called
11.07.2023 14:41:00 [7780] variants called
11.07.2023 14:41:01 [7780] stat called
11.07.2023 14:43:03 [7780] variants called
11.07.2023 14:43:04 [7780] stat called
11.07.2023 14:45:38 [7780] variants called
11.07.2023 14:45:39 [7780] stat called
11.07.2023 14:49:42 [7780] variants called
11.07.2023 14:49:42 [7780] stat called
